{"error":{},"level":"error","message":"Erro ao obter posts"}
{"error":{},"level":"error","message":"Erro ao obter posts"}
{"error":{},"level":"error","message":"Erro ao obter posts"}
{"error":{},"level":"error","message":"Erro ao obter posts"}
{"error":{},"level":"error","message":"Erro ao obter posts"}
{"error":{},"level":"error","message":"Erro ao obter posts"}
{"error":{},"level":"error","message":"Erro ao obter posts"}
{"error":{},"level":"error","message":"Erro ao obter posts"}
{"error":{},"level":"error","message":"Erro ao obter posts"}
{"error":{},"level":"error","message":"Erro ao obter posts"}
{"error":{},"level":"error","message":"Erro ao obter posts"}
{"error":{},"level":"error","message":"Erro ao obter posts"}
{"error":{},"level":"error","message":"Erro ao obter posts"}
{"error":{"clientVersion":"5.17.0","name":"PrismaClientValidationError"},"level":"error","message":"Erro ao obter posts"}
{"error":{"clientVersion":"5.17.0","name":"PrismaClientValidationError"},"level":"error","message":"Erro ao obter posts"}
{"error":{"clientVersion":"5.17.0","name":"PrismaClientValidationError"},"level":"error","message":"Erro ao obter posts"}
{"error":{},"level":"error","message":"Erro ao obter posts"}
{"error":{},"level":"error","message":"Erro ao obter posts"}
{"error":{},"level":"error","message":"Erro ao obter posts"}
{"error":{},"level":"error","message":"Erro ao obter posts"}
{"error":{},"level":"error","message":"Erro ao obter posts"}
{"error":{},"level":"error","message":"Erro ao obter posts"}
{"error":{},"level":"error","message":"Erro ao obter posts"}
{"error":{"clientVersion":"5.17.0","name":"PrismaClientUnknownRequestError"},"level":"error","message":"Erro ao obter posts"}
{"error":{"clientVersion":"5.17.0","name":"PrismaClientUnknownRequestError"},"level":"error","message":"Erro ao obter posts"}
{"error":{"clientVersion":"5.17.0","name":"PrismaClientUnknownRequestError"},"level":"error","message":"Erro ao obter posts"}
{"error":{"clientVersion":"5.17.0","name":"PrismaClientUnknownRequestError"},"level":"error","message":"Erro ao obter posts"}
{"error":{"clientVersion":"5.17.0","name":"PrismaClientUnknownRequestError"},"level":"error","message":"Erro ao obter posts"}
{"error":{"clientVersion":"5.17.0","name":"PrismaClientUnknownRequestError"},"level":"error","message":"Erro ao obter posts"}
{"error":{"clientVersion":"5.17.0","name":"PrismaClientUnknownRequestError"},"level":"error","message":"Erro ao obter posts"}
{"error":{"clientVersion":"5.17.0","name":"PrismaClientUnknownRequestError"},"level":"error","message":"Erro ao obter posts"}
{"error":{"clientVersion":"5.17.0","name":"PrismaClientValidationError"},"level":"error","message":"Erro ao obter posts"}
{"error":{},"level":"error","message":"Falha ao obter o post com o slug:","slug":"dicas-de-acessibilidade-webfff"}
{"error":{},"level":"error","message":"Falha ao obter o post com o slug:","slug":"dicas-de-acessibilidade-webfff"}
{"error":{},"level":"error","message":"Falha ao obter o post com o slug:","slug":"dicas-de-acessibilidade-webfff"}
{"error":{},"level":"error","message":"Falha ao obter o post com o slug:","slug":"dicas-de-acessibilidade-webfff"}
{"error":{},"level":"error","message":"Falha ao obter o post com o slug:","slug":"dicas-de-acessibilidade-webfff"}
{"error":{},"level":"error","message":"Falha ao obter o post com o slug:","slug":"vuejs-para-iniciantesff"}
{"error":{},"level":"error","message":"Falha ao obter o post com o slug:","slug":"vuejs-para-iniciantesh"}
{"error":{},"level":"error","message":"Erro ao obter posts"}
{"error":{"clientVersion":"5.17.0","name":"PrismaClientValidationError"},"level":"error","message":"Erro ao obter posts"}
{"error":{"clientVersion":"5.17.0","name":"PrismaClientValidationError"},"level":"error","message":"Erro ao obter posts"}
{"error":{"clientVersion":"5.17.0","name":"PrismaClientValidationError"},"level":"error","message":"Erro ao obter posts"}
